#
# There is insufficient memory for the Java Runtime Environment to continue.
# Native memory allocation (mmap) failed to map 58720256 bytes for G1 virtual space
# Possible reasons:
#   The system is out of physical RAM or swap space
#   The process is running with CompressedOops enabled, and the Java Heap may be blocking the growth of the native heap
# Possible solutions:
#   Reduce memory load on the system
#   Increase physical memory or swap space
#   Check if swap backing store is full
#   Decrease Java heap size (-Xmx/-Xms)
#   Decrease number of Java threads
#   Decrease Java thread stack sizes (-Xss)
#   Set larger code cache with -XX:ReservedCodeCacheSize=
#   JVM is running with Unscaled Compressed Oops mode in which the Java heap is
#     placed in the first 4GB address space. The Java Heap base address is the
#     maximum limit for the native heap growth. Please use -XX:HeapBaseMinAddress
#     to set the Java Heap base and to place the Java Heap above 4GB virtual address.
# This output file may be truncated or incomplete.
#
#  Out of Memory Error (os_windows.cpp:3548), pid=2088, tid=20792
#
# JRE version:  (17.0.10+11) (build )
# Java VM: Java HotSpot(TM) 64-Bit Server VM (17.0.10+11-LTS-240, mixed mode, sharing, tiered, compressed oops, compressed class ptrs, g1 gc, windows-amd64)
# No core dump will be written. Minidumps are not enabled by default on client versions of Windows
#

---------------  S U M M A R Y ------------

Command Line: -Dfile.encoding=UTF-8 --module-path=D:\NAGITA BRENDA SILVIA\SEMESTER 2\PEMOGRAMAN BERBASIS OBJEK\pemrograman-berbasis-objek-2B-2024\modul-5\BangunDatar\build\classes Main

Host: AMD Athlon Silver 3050U with Radeon Graphics   , 2 cores, 3G,  Windows 11 , 64 bit Build 22621 (10.0.22621.3374)
Time: Tue May  7 12:19:45 2024 SE Asia Standard Time elapsed time: 0.033505 seconds (0d 0h 0m 0s)

---------------  T H R E A D  ---------------

Current thread (0x00000224bbf03f20):  JavaThread "Unknown thread" [_thread_in_vm, id=20792, stack(0x000000df79d00000,0x000000df79e00000)]

Stack: [0x000000df79d00000,0x000000df79e00000]
Native frames: (J=compiled Java code, j=interpreted, Vv=VM code, C=native code)
V  [jvm.dll+0x677a5a]
V  [jvm.dll+0x7d8b2d]
V  [jvm.dll+0x7da48e]
V  [jvm.dll+0x7daaf3]
V  [jvm.dll+0x2455ff]
V  [jvm.dll+0x6749b9]
V  [jvm.dll+0x669382]
V  [jvm.dll+0x302e96]
V  [jvm.dll+0x30a416]
V  [jvm.dll+0x359cbe]
V  [jvm.dll+0x359eef]
V  [jvm.dll+0x2d9e88]
V  [jvm.dll+0x2dadf4]
V  [jvm.dll+0x7aa551]
V  [jvm.dll+0x367911]
V  [jvm.dll+0x789639]
V  [jvm.dll+0x3eb30f]
V  [jvm.dll+0x3ecd91]
C  [jli.dll+0x5297]
C  [ucrtbase.dll+0x29333]
C  [KERNEL32.DLL+0x1257d]
C  [ntdll.dll+0x5aa48]


---------------  P R O C E S S  ---------------

Threads class SMR info:
_java_thread_list=0x00007ffad8fe6a18, length=0, elements={
}

Java Threads: ( => current thread )

Other Threads:
  0x00000224bbf3a7b0 GCTaskThread "GC Thread#0" [stack: 0x000000df79e00000,0x000000df79f00000] [id=19712]
  0x00000224bbf42b60 ConcurrentGCThread "G1 Main Marker" [stack: 0x000000df79f00000,0x000000df7a000000] [id=20672]
  0x00000224bbf45120 ConcurrentGCThread "G1 Conc#0" [stack: 0x000000df7a000000,0x000000df7a100000] [id=22032]

[error occurred during error reporting (printing all threads), id 0xc0000005, EXCEPTION_ACCESS_VIOLATION (0xc0000005) at pc=0x00007ffad881aae7]

VM state: not at safepoint (not fully initialized)

VM Mutex/Monitor currently owned by a thread:  ([mutex/lock_event])
[0x00000224bbefedb0] Heap_lock - owner thread: 0x00000224bbf03f20

Heap address: 0x00000000c9400000, size: 876 MB, Compressed Oops mode: 32-bit

CDS archive(s) mapped at: [0x0000000000000000-0x0000000000000000-0x0000000000000000), size 0, SharedBaseAddress: 0x0000000800000000, ArchiveRelocationMode: 1.
Narrow klass base: 0x0000000000000000, Narrow klass shift: 0, Narrow klass range: 0x0

GC Precious Log:
<Empty>

Heap:
 garbage-first heap   total 0K, used 0K [0x00000000c9400000, 0x0000000100000000)
  region size 1024K, 0 young (0K), 0 survivors (0K)

[error occurred during error reporting (printing heap information), id 0xc0000005, EXCEPTION_ACCESS_VIOLATION (0xc0000005) at pc=0x00007ffad8c01249]

GC Heap History (0 events):
No events

Deoptimization events (0 events):
No events

Classes unloaded (0 events):
No events

Classes redefined (0 events):
No events

Internal exceptions (0 events):
No events

VM Operations (0 events):
No events

Events (1 events):
Event: 0.013 Loaded shared library C:\Program Files\Java\jdk-17\bin\java.dll


Dynamic libraries:
0x00007ff771830000 - 0x00007ff771840000 	C:\Program Files\Java\jdk-17\bin\java.exe
0x00007ffb39530000 - 0x00007ffb39746000 	C:\WINDOWS\SYSTEM32\ntdll.dll
0x00007ffb26780000 - 0x00007ffb26799000 	C:\Program Files\AVG\Antivirus\aswhook.dll
0x00007ffb378f0000 - 0x00007ffb379b4000 	C:\WINDOWS\System32\KERNEL32.DLL
0x00007ffb36b60000 - 0x00007ffb36f07000 	C:\WINDOWS\System32\KERNELBASE.dll
0x00007ffb36970000 - 0x00007ffb36a81000 	C:\WINDOWS\System32\ucrtbase.dll
0x00007ffb25820000 - 0x00007ffb25839000 	C:\Program Files\Java\jdk-17\bin\jli.dll
0x00007ffb38a50000 - 0x00007ffb38b02000 	C:\WINDOWS\System32\ADVAPI32.dll
0x00007ffb391d0000 - 0x00007ffb39277000 	C:\WINDOWS\System32\msvcrt.dll
0x00007ffb393d0000 - 0x00007ffb39478000 	C:\WINDOWS\System32\sechost.dll
0x00007ffb36a90000 - 0x00007ffb36ab8000 	C:\WINDOWS\System32\bcrypt.dll
0x00007ffb38770000 - 0x00007ffb38885000 	C:\WINDOWS\System32\RPCRT4.dll
0x00007ffb382c0000 - 0x00007ffb3846e000 	C:\WINDOWS\System32\USER32.dll
0x00007ffb36850000 - 0x00007ffb36876000 	C:\WINDOWS\System32\win32u.dll
0x00007ffb38290000 - 0x00007ffb382b9000 	C:\WINDOWS\System32\GDI32.dll
0x00007ffb37140000 - 0x00007ffb37259000 	C:\WINDOWS\System32\gdi32full.dll
0x00007ffb36ac0000 - 0x00007ffb36b5a000 	C:\WINDOWS\System32\msvcp_win.dll
0x00007ffb21af0000 - 0x00007ffb21b0b000 	C:\Program Files\Java\jdk-17\bin\VCRUNTIME140.dll
0x00007ffb17d00000 - 0x00007ffb17f93000 	C:\WINDOWS\WinSxS\amd64_microsoft.windows.common-controls_6595b64144ccf1df_6.0.22621.3235_none_270f74e173860f98\COMCTL32.dll
0x00007ffb2df70000 - 0x00007ffb2df7a000 	C:\WINDOWS\SYSTEM32\VERSION.dll
0x00007ffb39280000 - 0x00007ffb392b1000 	C:\WINDOWS\System32\IMM32.DLL
0x00007ffb284f0000 - 0x00007ffb284fc000 	C:\Program Files\Java\jdk-17\bin\vcruntime140_1.dll
0x00007ffafe8d0000 - 0x00007ffafe95e000 	C:\Program Files\Java\jdk-17\bin\msvcp140.dll
0x00007ffad8530000 - 0x00007ffad910f000 	C:\Program Files\Java\jdk-17\bin\server\jvm.dll
0x00007ffb38a40000 - 0x00007ffb38a48000 	C:\WINDOWS\System32\PSAPI.DLL
0x00007ffb210f0000 - 0x00007ffb210f9000 	C:\WINDOWS\SYSTEM32\WSOCK32.dll
0x00007ffb2e2e0000 - 0x00007ffb2e314000 	C:\WINDOWS\SYSTEM32\WINMM.dll
0x00007ffb38890000 - 0x00007ffb38901000 	C:\WINDOWS\System32\WS2_32.dll
0x00007ffb35890000 - 0x00007ffb358a8000 	C:\WINDOWS\SYSTEM32\kernel.appcore.dll
0x00007ffb252d0000 - 0x00007ffb252da000 	C:\Program Files\Java\jdk-17\bin\jimage.dll
0x00007ffb2aa60000 - 0x00007ffb2ac93000 	C:\WINDOWS\SYSTEM32\DBGHELP.DLL
0x00007ffb38cc0000 - 0x00007ffb39048000 	C:\WINDOWS\System32\combase.dll
0x00007ffb38690000 - 0x00007ffb38767000 	C:\WINDOWS\System32\OLEAUT32.dll
0x00007ffb29f70000 - 0x00007ffb29fa2000 	C:\WINDOWS\SYSTEM32\dbgcore.DLL
0x00007ffb368f0000 - 0x00007ffb36969000 	C:\WINDOWS\System32\bcryptPrimitives.dll
0x00007ffb186a0000 - 0x00007ffb186c5000 	C:\Program Files\Java\jdk-17\bin\java.dll

dbghelp: loaded successfully - version: 4.0.5 - missing functions: none
symbol engine: initialized successfully - sym options: 0x614 - pdb path: .;C:\Program Files\Java\jdk-17\bin;C:\WINDOWS\SYSTEM32;C:\Program Files\AVG\Antivirus;C:\WINDOWS\WinSxS\amd64_microsoft.windows.common-controls_6595b64144ccf1df_6.0.22621.3235_none_270f74e173860f98;C:\Program Files\Java\jdk-17\bin\server

VM Arguments:
jvm_args: -Dfile.encoding=UTF-8 --module-path=D:\NAGITA BRENDA SILVIA\SEMESTER 2\PEMOGRAMAN BERBASIS OBJEK\pemrograman-berbasis-objek-2B-2024\modul-5\BangunDatar\build\classes 
java_command: Main
java_class_path (initial): D:\NAGITA BRENDA SILVIA\SEMESTER 2\PEMOGRAMAN BERBASIS OBJEK\pemrograman-berbasis-objek-2B-2024\modul-5\BangunDatar\build\classes
Launcher Type: SUN_STANDARD

[Global flags]
     intx CICompilerCount                          = 2                                         {product} {ergonomic}
     uint ConcGCThreads                            = 1                                         {product} {ergonomic}
     uint G1ConcRefinementThreads                  = 2                                         {product} {ergonomic}
   size_t G1HeapRegionSize                         = 1048576                                   {product} {ergonomic}
    uintx GCDrainStackTargetSize                   = 64                                        {product} {ergonomic}
   size_t InitialHeapSize                          = 58720256                                  {product} {ergonomic}
   size_t MarkStackSize                            = 4194304                                   {product} {ergonomic}
   size_t MaxHeapSize                              = 918552576                                 {product} {ergonomic}
   size_t MinHeapDeltaBytes                        = 1048576                                   {product} {ergonomic}
   size_t MinHeapSize                              = 8388608                                   {product} {ergonomic}
    uintx NonNMethodCodeHeapSize                   = 5826188                                {pd product} {ergonomic}
    uintx NonProfiledCodeHeapSize                  = 122916026                              {pd product} {ergonomic}
    uintx ProfiledCodeHeapSize                     = 122916026                              {pd product} {ergonomic}
    uintx ReservedCodeCacheSize                    = 251658240                              {pd product} {ergonomic}
     bool SegmentedCodeCache                       = true                                      {product} {ergonomic}
   size_t SoftMaxHeapSize                          = 918552576                              {manageable} {ergonomic}
     bool UseCompressedClassPointers               = true                           {product lp64_product} {ergonomic}
     bool UseCompressedOops                        = true                           {product lp64_product} {ergonomic}
     bool UseG1GC                                  = true                                      {product} {ergonomic}
     bool UseLargePagesIndividualAllocation        = false                                  {pd product} {ergonomic}

Logging:
Log output configuration:
 #0: stdout all=warning uptime,level,tags
 #1: stderr all=off uptime,level,tags

Environment Variables:
PATH=C:\Program Files\Common Files\Oracle\Java\javapath;C:\WINDOWS\system32;C:\WINDOWS;C:\WINDOWS\System32\Wbem;C:\WINDOWS\System32\WindowsPowerShell\v1.0\;C:\WINDOWS\System32\OpenSSH\;C:\Program Files\Git\cmd;C:\Users\HP\AppData\Local\Microsoft\WindowsApps;;C:\Users\HP\AppData\Local\Programs\Microsoft VS Code\bin
USERNAME=HP
OS=Windows_NT
PROCESSOR_IDENTIFIER=AMD64 Family 23 Model 24 Stepping 1, AuthenticAMD



---------------  S Y S T E M  ---------------

OS:
 Windows 11 , 64 bit Build 22621 (10.0.22621.3374)
OS uptime: 14 days 2:02 hours

CPU: total 2 (initial active 2) (2 cores per cpu, 1 threads per core) family 23 model 24 stepping 1 microcode 0x0, cx8, cmov, fxsr, mmx, 3dnowpref, sse, sse2, sse3, ssse3, sse4a, sse4.1, sse4.2, popcnt, lzcnt, tsc, tscinvbit, avx, avx2, aes, clmul, bmi1, bmi2, adx, sha, fma, vzeroupper, clflush, clflushopt

Memory: 4k page, system-wide physical 3499M (401M free)
TotalPageFile size 14251M (AvailPageFile size 25M)
current process WorkingSet (physical memory assigned to process): 10M, peak: 10M
current process commit charge ("private bytes"): 47M, peak: 103M

vm_info: Java HotSpot(TM) 64-Bit Server VM (17.0.10+11-LTS-240) for windows-amd64 JRE (17.0.10+11-LTS-240), built on Dec 19 2023 21:47:25 by "mach5one" with MS VC++ 17.1 (VS2022)

END.
