#
# There is insufficient memory for the Java Runtime Environment to continue.
# Native memory allocation (mmap) failed to map 65536 bytes for Failed to commit metaspace.
# Possible reasons:
#   The system is out of physical RAM or swap space
#   The process is running with CompressedOops enabled, and the Java Heap may be blocking the growth of the native heap
# Possible solutions:
#   Reduce memory load on the system
#   Increase physical memory or swap space
#   Check if swap backing store is full
#   Decrease Java heap size (-Xmx/-Xms)
#   Decrease number of Java threads
#   Decrease Java thread stack sizes (-Xss)
#   Set larger code cache with -XX:ReservedCodeCacheSize=
#   JVM is running with Unscaled Compressed Oops mode in which the Java heap is
#     placed in the first 4GB address space. The Java Heap base address is the
#     maximum limit for the native heap growth. Please use -XX:HeapBaseMinAddress
#     to set the Java Heap base and to place the Java Heap above 4GB virtual address.
# This output file may be truncated or incomplete.
#
#  Out of Memory Error (virtualSpaceNode.cpp:110), pid=8444, tid=13180
#
# JRE version: Java(TM) SE Runtime Environment (17.0.10+11) (build 17.0.10+11-LTS-240)
# Java VM: Java HotSpot(TM) 64-Bit Server VM (17.0.10+11-LTS-240, mixed mode, tiered, compressed oops, compressed class ptrs, g1 gc, windows-amd64)
# No core dump will be written. Minidumps are not enabled by default on client versions of Windows
#

---------------  S U M M A R Y ------------

Command Line: -Dapplication.home=C:\Program Files\Java\jdk-17 --add-modules=ALL-DEFAULT -Xms8m -Djdk.module.main=jdk.compiler jdk.compiler/com.sun.tools.javac.Main -d D:\NAGITA BRENDA SILVIA\SEMESTER 2\PEMOGRAMAN BERBASIS OBJEK\pemrograman-berbasis-objek-2B-2024\modul-5\BangunDatar\build\classes -classpath D:\NAGITA BRENDA SILVIA\SEMESTER 2\PEMOGRAMAN BERBASIS OBJEK\pemrograman-berbasis-objek-2B-2024\modul-5\BangunDatar\build\classes -sourcepath D:\NAGITA BRENDA SILVIA\SEMESTER 2\PEMOGRAMAN BERBASIS OBJEK\pemrograman-berbasis-objek-2B-2024\modul-5\BangunDatar\build\empty -target 17 -encoding UTF-8 -g -processorpath D:\NAGITA BRENDA SILVIA\SEMESTER 2\PEMOGRAMAN BERBASIS OBJEK\pemrograman-berbasis-objek-2B-2024\modul-5\BangunDatar\build\empty -s D:\NAGITA BRENDA SILVIA\SEMESTER 2\PEMOGRAMAN BERBASIS OBJEK\pemrograman-berbasis-objek-2B-2024\modul-5\BangunDatar\build\generated-sources\ap-source-output -source 17 D:\NAGITA BRENDA SILVIA\SEMESTER 2\PEMOGRAMAN BERBASIS OBJEK\pemrograman-berbasis-objek-2B-2024\modul-5\BangunDatar\src\BangunDatar.java D:\NAGITA BRENDA SILVIA\SEMESTER 2\PEMOGRAMAN BERBASIS OBJEK\pemrograman-berbasis-objek-2B-2024\modul-5\BangunDatar\src\Lingkaran.java D:\NAGITA BRENDA SILVIA\SEMESTER 2\PEMOGRAMAN BERBASIS OBJEK\pemrograman-berbasis-objek-2B-2024\modul-5\BangunDatar\src\Main.java D:\NAGITA BRENDA SILVIA\SEMESTER 2\PEMOGRAMAN BERBASIS OBJEK\pemrograman-berbasis-objek-2B-2024\modul-5\BangunDatar\src\Persegi.java D:\NAGITA BRENDA SILVIA\SEMESTER 2\PEMOGRAMAN BERBASIS OBJEK\pemrograman-berbasis-objek-2B-2024\modul-5\BangunDatar\src\PersegiPanjang.java D:\NAGITA BRENDA SILVIA\SEMESTER 2\PEMOGRAMAN BERBASIS OBJEK\pemrograman-berbasis-objek-2B-2024\modul-5\BangunDatar\src\Segitiga.java

Host: AMD Athlon Silver 3050U with Radeon Graphics   , 2 cores, 3G,  Windows 11 , 64 bit Build 22621 (10.0.22621.3374)
Time: Tue May  7 12:18:27 2024 SE Asia Standard Time elapsed time: 0.622636 seconds (0d 0h 0m 0s)

---------------  T H R E A D  ---------------

Current thread (0x000002477453acf0):  JavaThread "main" [_thread_in_vm, id=13180, stack(0x000000880e400000,0x000000880e500000)]

Stack: [0x000000880e400000,0x000000880e500000]
Native frames: (J=compiled Java code, j=interpreted, Vv=VM code, C=native code)
V  [jvm.dll+0x677a5a]
V  [jvm.dll+0x7d8b2d]
V  [jvm.dll+0x7da48e]
V  [jvm.dll+0x7daaf3]
V  [jvm.dll+0x2455ff]
V  [jvm.dll+0x7d483b]
V  [jvm.dll+0x61dc06]
V  [jvm.dll+0x1bfa87]
V  [jvm.dll+0x620570]
V  [jvm.dll+0x61e5c6]
V  [jvm.dll+0x6283a7]
V  [jvm.dll+0x1e92ed]
V  [jvm.dll+0x1e98b5]
V  [jvm.dll+0x1ea1fb]
V  [jvm.dll+0x1dfa01]
V  [jvm.dll+0x53d58c]
V  [jvm.dll+0x753438]
V  [jvm.dll+0x753524]
V  [jvm.dll+0x40babf]
V  [jvm.dll+0x411a89]
C  [java.dll+0x1971]

Java frames: (J=compiled Java code, j=interpreted, Vv=VM code)
j  java.lang.ClassLoader.defineClass2(Ljava/lang/ClassLoader;Ljava/lang/String;Ljava/nio/ByteBuffer;IILjava/security/ProtectionDomain;Ljava/lang/String;)Ljava/lang/Class;+0 java.base@17.0.10
j  java.lang.ClassLoader.defineClass(Ljava/lang/String;Ljava/nio/ByteBuffer;Ljava/security/ProtectionDomain;)Ljava/lang/Class;+93 java.base@17.0.10
j  java.security.SecureClassLoader.defineClass(Ljava/lang/String;Ljava/nio/ByteBuffer;Ljava/security/CodeSource;)Ljava/lang/Class;+8 java.base@17.0.10
j  jdk.internal.loader.BuiltinClassLoader.defineClass(Ljava/lang/String;Ljdk/internal/loader/BuiltinClassLoader$LoadedModule;)Ljava/lang/Class;+127 java.base@17.0.10
j  jdk.internal.loader.BuiltinClassLoader.findClassInModuleOrNull(Ljdk/internal/loader/BuiltinClassLoader$LoadedModule;Ljava/lang/String;)Ljava/lang/Class;+9 java.base@17.0.10
j  jdk.internal.loader.BuiltinClassLoader.loadClassOrNull(Ljava/lang/String;Z)Ljava/lang/Class;+55 java.base@17.0.10
j  jdk.internal.loader.BuiltinClassLoader.loadClass(Ljava/lang/String;Z)Ljava/lang/Class;+3 java.base@17.0.10
j  jdk.internal.loader.ClassLoaders$AppClassLoader.loadClass(Ljava/lang/String;Z)Ljava/lang/Class;+36 java.base@17.0.10
j  java.lang.ClassLoader.loadClass(Ljava/lang/String;)Ljava/lang/Class;+3 java.base@17.0.10
v  ~StubRoutines::call_stub
j  com.sun.tools.javac.util.AbstractDiagnosticFormatter.<init>(Lcom/sun/tools/javac/util/JavacMessages;Lcom/sun/tools/javac/util/AbstractDiagnosticFormatter$SimpleConfiguration;)V+17 jdk.compiler@17.0.10
j  com.sun.tools.javac.util.BasicDiagnosticFormatter.<init>(Lcom/sun/tools/javac/util/Options;Lcom/sun/tools/javac/util/JavacMessages;)V+10 jdk.compiler@17.0.10
j  com.sun.tools.javac.util.JavacMessages.<init>(Lcom/sun/tools/javac/util/Context;)V+62 jdk.compiler@17.0.10
j  com.sun.tools.javac.util.JavacMessages.instance(Lcom/sun/tools/javac/util/Context;)Lcom/sun/tools/javac/util/JavacMessages;+20 jdk.compiler@17.0.10
j  com.sun.tools.javac.util.JCDiagnostic$Factory.<init>(Lcom/sun/tools/javac/util/Context;)V+2 jdk.compiler@17.0.10
j  com.sun.tools.javac.util.JCDiagnostic$Factory.instance(Lcom/sun/tools/javac/util/Context;)Lcom/sun/tools/javac/util/JCDiagnostic$Factory;+20 jdk.compiler@17.0.10
j  com.sun.tools.javac.util.Log.<init>(Lcom/sun/tools/javac/util/Context;Ljava/util/Map;)V+2 jdk.compiler@17.0.10
j  com.sun.tools.javac.util.Log.<init>(Lcom/sun/tools/javac/util/Context;)V+6 jdk.compiler@17.0.10
j  com.sun.tools.javac.util.Log.instance(Lcom/sun/tools/javac/util/Context;)Lcom/sun/tools/javac/util/Log;+20 jdk.compiler@17.0.10
j  com.sun.tools.javac.main.Main.compile([Ljava/lang/String;Lcom/sun/tools/javac/util/Context;)Lcom/sun/tools/javac/main/Main$Result;+38 jdk.compiler@17.0.10
j  com.sun.tools.javac.main.Main.compile([Ljava/lang/String;)Lcom/sun/tools/javac/main/Main$Result;+15 jdk.compiler@17.0.10
j  com.sun.tools.javac.Main.compile([Ljava/lang/String;)I+12 jdk.compiler@17.0.10
j  com.sun.tools.javac.Main.main([Ljava/lang/String;)V+1 jdk.compiler@17.0.10
v  ~StubRoutines::call_stub

---------------  P R O C E S S  ---------------

Threads class SMR info:
_java_thread_list=0x00000247114f5f40, length=12, elements={
0x000002477453acf0, 0x0000024711162260, 0x00000247111159e0, 0x00000247111ae440,
0x0000024711134760, 0x00000247111359d0, 0x00000247111363a0, 0x000002471118cfb0,
0x000002471118f8d0, 0x0000024711195950, 0x00000247113f53d0, 0x00000247114f3960
}

Java Threads: ( => current thread )
=>0x000002477453acf0 JavaThread "main" [_thread_in_vm, id=13180, stack(0x000000880e400000,0x000000880e500000)]
  0x0000024711162260 JavaThread "Reference Handler" daemon [_thread_blocked, id=12808, stack(0x000000880eb00000,0x000000880ec00000)]
  0x00000247111159e0 JavaThread "Finalizer" daemon [_thread_blocked, id=1640, stack(0x000000880ec00000,0x000000880ed00000)]
  0x00000247111ae440 JavaThread "Signal Dispatcher" daemon [_thread_blocked, id=17352, stack(0x000000880ed00000,0x000000880ee00000)]
  0x0000024711134760 JavaThread "Attach Listener" daemon [_thread_blocked, id=19588, stack(0x000000880ee00000,0x000000880ef00000)]
  0x00000247111359d0 JavaThread "Service Thread" daemon [_thread_blocked, id=21832, stack(0x000000880ef00000,0x000000880f000000)]
  0x00000247111363a0 JavaThread "Monitor Deflation Thread" daemon [_thread_blocked, id=9524, stack(0x000000880f000000,0x000000880f100000)]
  0x000002471118cfb0 JavaThread "C2 CompilerThread0" daemon [_thread_blocked, id=10452, stack(0x000000880f100000,0x000000880f200000)]
  0x000002471118f8d0 JavaThread "C1 CompilerThread0" daemon [_thread_blocked, id=3344, stack(0x000000880f200000,0x000000880f300000)]
  0x0000024711195950 JavaThread "Sweeper thread" daemon [_thread_blocked, id=11940, stack(0x000000880f300000,0x000000880f400000)]
  0x00000247113f53d0 JavaThread "Common-Cleaner" daemon [_thread_blocked, id=21116, stack(0x000000880f400000,0x000000880f500000)]
  0x00000247114f3960 JavaThread "Notification Thread" daemon [_thread_blocked, id=4780, stack(0x000000880f500000,0x000000880f600000)]

Other Threads:
  0x00000247745fd050 VMThread "VM Thread" [stack: 0x000000880ea00000,0x000000880eb00000] [id=13696]
  0x00000247745e2740 WatcherThread [stack: 0x000000880f600000,0x000000880f700000] [id=18092]
  0x000002477456f520 GCTaskThread "GC Thread#0" [stack: 0x000000880e500000,0x000000880e600000] [id=14624]
  0x0000024774576fa0 ConcurrentGCThread "G1 Main Marker" [stack: 0x000000880e600000,0x000000880e700000] [id=14320]
  0x00000247745790b0 ConcurrentGCThread "G1 Conc#0" [stack: 0x000000880e700000,0x000000880e800000] [id=8840]
  0x0000024774589160 ConcurrentGCThread "G1 Refine#0" [stack: 0x000000880e800000,0x000000880e900000] [id=16028]
  0x000002477458aa20 ConcurrentGCThread "G1 Service" [stack: 0x000000880e900000,0x000000880ea00000] [id=20356]

Threads with active compile tasks:

VM state: not at safepoint (normal execution)

VM Mutex/Monitor currently owned by a thread:  ([mutex/lock_event])
[0x0000024774538250] Metaspace_lock - owner thread: 0x000002477453acf0

Heap address: 0x00000000c9400000, size: 876 MB, Compressed Oops mode: 32-bit

CDS archive(s) not mapped
Compressed class space mapped at: 0x0000000100000000-0x0000000140000000, reserved size: 1073741824
Narrow klass base: 0x0000000000000000, Narrow klass shift: 3, Narrow klass range: 0x140000000

GC Precious Log:
 CPUs: 2 total, 2 available
 Memory: 3499M
 Large Page Support: Disabled
 NUMA Support: Disabled
 Compressed Oops: Enabled (32-bit)
 Heap Region Size: 1M
 Heap Min Capacity: 8M
 Heap Initial Capacity: 8M
 Heap Max Capacity: 876M
 Pre-touch: Disabled
 Parallel Workers: 2
 Concurrent Workers: 1
 Concurrent Refinement Workers: 2
 Periodic GC: Disabled

Heap:
 garbage-first heap   total 8192K, used 1024K [0x00000000c9400000, 0x0000000100000000)
  region size 1024K, 2 young (2048K), 0 survivors (0K)
 Metaspace       used 6804K, committed 6848K, reserved 1114112K
  class space    used 611K, committed 640K, reserved 1048576K

Heap Regions: E=young(eden), S=young(survivor), O=old, HS=humongous(starts), HC=humongous(continues), CS=collection set, F=free, OA=open archive, CA=closed archive, TAMS=top-at-mark-start (previous, next)
|   0|0x00000000c9400000, 0x00000000c9400000, 0x00000000c9500000|  0%| F|  |TAMS 0x00000000c9400000, 0x00000000c9400000| Untracked 
|   1|0x00000000c9500000, 0x00000000c9500000, 0x00000000c9600000|  0%| F|  |TAMS 0x00000000c9500000, 0x00000000c9500000| Untracked 
|   2|0x00000000c9600000, 0x00000000c9600000, 0x00000000c9700000|  0%| F|  |TAMS 0x00000000c9600000, 0x00000000c9600000| Untracked 
|   3|0x00000000c9700000, 0x00000000c9700000, 0x00000000c9800000|  0%| F|  |TAMS 0x00000000c9700000, 0x00000000c9700000| Untracked 
|   4|0x00000000c9800000, 0x00000000c9800000, 0x00000000c9900000|  0%| F|  |TAMS 0x00000000c9800000, 0x00000000c9800000| Untracked 
|   5|0x00000000c9900000, 0x00000000c9900000, 0x00000000c9a00000|  0%| F|  |TAMS 0x00000000c9900000, 0x00000000c9900000| Untracked 
|   6|0x00000000c9a00000, 0x00000000c9af7070, 0x00000000c9b00000| 96%| E|  |TAMS 0x00000000c9a00000, 0x00000000c9a00000| Complete 
|   7|0x00000000c9b00000, 0x00000000c9c00000, 0x00000000c9c00000|100%| E|CS|TAMS 0x00000000c9b00000, 0x00000000c9b00000| Complete 

Card table byte_map: [0x000002477dbb0000,0x000002477dd70000] _byte_map_base: 0x000002477d566000

Marking Bits (Prev, Next): (CMBitMap*) 0x000002477456f8f0, (CMBitMap*) 0x000002477456f930
 Prev Bits: [0x000002477df30000, 0x000002477ece0000)
 Next Bits: [0x000002477ece0000, 0x000002477fa90000)

Polling page: 0x0000024774310000

Metaspace:

Usage:
  Non-class:      6.05 MB used.
      Class:    611.46 KB used.
       Both:      6.65 MB used.

Virtual space:
  Non-class space:       64.00 MB reserved,       6.06 MB (  9%) committed,  1 nodes.
      Class space:        1.00 GB reserved,     640.00 KB ( <1%) committed,  1 nodes.
             Both:        1.06 GB reserved,       6.69 MB ( <1%) committed. 

Chunk freelists:
   Non-Class:  9.92 MB
       Class:  15.19 MB
        Both:  25.11 MB

MaxMetaspaceSize: unlimited
CompressedClassSpaceSize: 1.00 GB
Initial GC threshold: 21.00 MB
Current GC threshold: 21.00 MB
CDS: off
MetaspaceReclaimPolicy: balanced
 - commit_granule_bytes: 65536.
 - commit_granule_words: 8192.
 - virtual_space_node_default_size: 8388608.
 - enlarge_chunks_in_place: 1.
 - new_chunks_are_fully_committed: 0.
 - uncommit_free_chunks: 1.
 - use_allocation_guard: 0.
 - handle_deallocations: 1.


Internal statistics:

num_allocs_failed_limit: 0.
num_arena_births: 8.
num_arena_deaths: 0.
num_vsnodes_births: 2.
num_vsnodes_deaths: 0.
num_space_committed: 107.
num_space_uncommitted: 0.
num_chunks_returned_to_freelist: 0.
num_chunks_taken_from_freelist: 50.
num_chunk_merges: 0.
num_chunk_splits: 29.
num_chunks_enlarged: 19.
num_inconsistent_stats: 0.

CodeHeap 'non-profiled nmethods': size=120064Kb used=84Kb max_used=84Kb free=119979Kb
 bounds [0x0000024707ac0000, 0x0000024707d30000, 0x000002470f000000]
CodeHeap 'profiled nmethods': size=120000Kb used=333Kb max_used=333Kb free=119666Kb
 bounds [0x0000024700000000, 0x0000024700270000, 0x0000024707530000]
CodeHeap 'non-nmethods': size=5696Kb used=1084Kb max_used=1098Kb free=4611Kb
 bounds [0x0000024707530000, 0x00000247077a0000, 0x0000024707ac0000]
 total_blobs=640 nmethods=286 adapters=267
 compilation: enabled
              stopped_count=0, restarted_count=0
 full_count=0

Compilation events (20 events):
Event: 0.525 Thread 0x000002471118f8d0  277       3       java.nio.ByteBuffer::limit (8 bytes)
Event: 0.526 Thread 0x000002471118f8d0 nmethod 277 0x0000024700051d90 code [0x0000024700051f20, 0x0000024700052068]
Event: 0.526 Thread 0x000002471118f8d0  278       3       java.nio.ByteBuffer::position (8 bytes)
Event: 0.526 Thread 0x000002471118f8d0 nmethod 278 0x0000024700052110 code [0x00000247000522a0, 0x00000247000523e8]
Event: 0.526 Thread 0x000002471118f8d0  279       3       java.nio.ByteOrder::nativeOrder (4 bytes)
Event: 0.526 Thread 0x000002471118f8d0 nmethod 279 0x0000024700052490 code [0x0000024700052620, 0x0000024700052718]
Event: 0.527 Thread 0x000002471118f8d0  280       1       java.nio.MappedByteBuffer::fileDescriptor (5 bytes)
Event: 0.527 Thread 0x000002471118f8d0 nmethod 280 0x0000024707ad4a90 code [0x0000024707ad4c20, 0x0000024707ad4cf8]
Event: 0.527 Thread 0x000002471118f8d0  281       1       java.nio.MappedByteBuffer::isSync (5 bytes)
Event: 0.527 Thread 0x000002471118f8d0 nmethod 281 0x0000024707ad4d90 code [0x0000024707ad4f20, 0x0000024707ad4ff8]
Event: 0.527 Thread 0x000002471118f8d0  282       3       java.nio.MappedByteBuffer::limit (8 bytes)
Event: 0.527 Thread 0x000002471118f8d0 nmethod 282 0x0000024700052790 code [0x0000024700052940, 0x0000024700052ae8]
Event: 0.533 Thread 0x000002471118f8d0  283       3       java.nio.MappedByteBuffer::position (8 bytes)
Event: 0.533 Thread 0x000002471118f8d0 nmethod 283 0x0000024700052b90 code [0x0000024700052d40, 0x0000024700052ee8]
Event: 0.535 Thread 0x000002471118f8d0  284       1       jdk.internal.loader.BuiltinClassLoader$LoadedModule::mref (5 bytes)
Event: 0.535 Thread 0x000002471118f8d0 nmethod 284 0x0000024707ad5090 code [0x0000024707ad5220, 0x0000024707ad52f8]
Event: 0.535 Thread 0x000002471118f8d0  285       3       jdk.internal.module.SystemModuleFinders$SystemImage::reader (4 bytes)
Event: 0.535 Thread 0x000002471118f8d0 nmethod 285 0x0000024700052f90 code [0x0000024700053120, 0x0000024700053218]
Event: 0.541 Thread 0x000002471118f8d0  286       3       jdk.internal.jimage.ImageReader::requireOpen (18 bytes)
Event: 0.542 Thread 0x000002471118f8d0 nmethod 286 0x0000024700053290 code [0x0000024700053440, 0x0000024700053668]

GC Heap History (0 events):
No events

Deoptimization events (0 events):
No events

Classes unloaded (0 events):
No events

Classes redefined (0 events):
No events

Internal exceptions (0 events):
No events

VM Operations (2 events):
Event: 0.222 Executing VM operation: HandshakeAllThreads
Event: 0.222 Executing VM operation: HandshakeAllThreads done

Events (20 events):
Event: 0.483 loading class java/util/concurrent/ConcurrentHashMap$EntrySetView
Event: 0.484 loading class java/util/concurrent/ConcurrentHashMap$EntrySetView done
Event: 0.484 loading class java/util/concurrent/ConcurrentHashMap$EntryIterator
Event: 0.485 loading class java/util/concurrent/ConcurrentHashMap$EntryIterator done
Event: 0.485 loading class java/util/concurrent/ConcurrentHashMap$MapEntry
Event: 0.485 loading class java/util/concurrent/ConcurrentHashMap$MapEntry done
Event: 0.485 loading class java/security/Security$2
Event: 0.485 loading class jdk/internal/access/JavaSecurityPropertiesAccess
Event: 0.485 loading class jdk/internal/access/JavaSecurityPropertiesAccess done
Event: 0.485 loading class java/security/Security$2 done
Event: 0.485 loading class java/io/FilePermission
Event: 0.486 loading class java/io/FilePermission done
Event: 0.490 loading class java/util/ListResourceBundle
Event: 0.490 loading class java/util/ListResourceBundle done
Event: 0.492 loading class java/util/ResourceBundle$BundleReference
Event: 0.492 loading class java/util/ResourceBundle$BundleReference done
Event: 0.493 loading class jdk/internal/module/Resources
Event: 0.493 loading class jdk/internal/module/Resources done
Event: 0.493 loading class jdk/internal/module/Checks
Event: 0.494 loading class jdk/internal/module/Checks done


Dynamic libraries:
0x00007ff7f53b0000 - 0x00007ff7f53b8000 	C:\Program Files\Java\jdk-17\bin\javac.exe
0x00007ffb39530000 - 0x00007ffb39746000 	C:\WINDOWS\SYSTEM32\ntdll.dll
0x00007ffb26780000 - 0x00007ffb26799000 	C:\Program Files\AVG\Antivirus\aswhook.dll
0x00007ffb378f0000 - 0x00007ffb379b4000 	C:\WINDOWS\System32\KERNEL32.DLL
0x00007ffb36b60000 - 0x00007ffb36f07000 	C:\WINDOWS\System32\KERNELBASE.dll
0x00007ffb36970000 - 0x00007ffb36a81000 	C:\WINDOWS\System32\ucrtbase.dll
0x00007ffb25820000 - 0x00007ffb25839000 	C:\Program Files\Java\jdk-17\bin\jli.dll
0x00007ffb21af0000 - 0x00007ffb21b0b000 	C:\Program Files\Java\jdk-17\bin\VCRUNTIME140.dll
0x00007ffb38a50000 - 0x00007ffb38b02000 	C:\WINDOWS\System32\ADVAPI32.dll
0x00007ffb391d0000 - 0x00007ffb39277000 	C:\WINDOWS\System32\msvcrt.dll
0x00007ffb393d0000 - 0x00007ffb39478000 	C:\WINDOWS\System32\sechost.dll
0x00007ffb36a90000 - 0x00007ffb36ab8000 	C:\WINDOWS\System32\bcrypt.dll
0x00007ffb38770000 - 0x00007ffb38885000 	C:\WINDOWS\System32\RPCRT4.dll
0x00007ffb382c0000 - 0x00007ffb3846e000 	C:\WINDOWS\System32\USER32.dll
0x00007ffb36850000 - 0x00007ffb36876000 	C:\WINDOWS\System32\win32u.dll
0x00007ffb38290000 - 0x00007ffb382b9000 	C:\WINDOWS\System32\GDI32.dll
0x00007ffb37140000 - 0x00007ffb37259000 	C:\WINDOWS\System32\gdi32full.dll
0x00007ffb36ac0000 - 0x00007ffb36b5a000 	C:\WINDOWS\System32\msvcp_win.dll
0x00007ffb17d00000 - 0x00007ffb17f93000 	C:\WINDOWS\WinSxS\amd64_microsoft.windows.common-controls_6595b64144ccf1df_6.0.22621.3235_none_270f74e173860f98\COMCTL32.dll
0x00007ffb2df70000 - 0x00007ffb2df7a000 	C:\WINDOWS\SYSTEM32\VERSION.dll
0x00007ffb39280000 - 0x00007ffb392b1000 	C:\WINDOWS\System32\IMM32.DLL
0x00007ffb284f0000 - 0x00007ffb284fc000 	C:\Program Files\Java\jdk-17\bin\vcruntime140_1.dll
0x00007ffafe8d0000 - 0x00007ffafe95e000 	C:\Program Files\Java\jdk-17\bin\msvcp140.dll
0x00007ffad8530000 - 0x00007ffad910f000 	C:\Program Files\Java\jdk-17\bin\server\jvm.dll
0x00007ffb38a40000 - 0x00007ffb38a48000 	C:\WINDOWS\System32\PSAPI.DLL
0x00007ffb210f0000 - 0x00007ffb210f9000 	C:\WINDOWS\SYSTEM32\WSOCK32.dll
0x00007ffb38890000 - 0x00007ffb38901000 	C:\WINDOWS\System32\WS2_32.dll
0x00007ffb2e2e0000 - 0x00007ffb2e314000 	C:\WINDOWS\SYSTEM32\WINMM.dll
0x00007ffb35890000 - 0x00007ffb358a8000 	C:\WINDOWS\SYSTEM32\kernel.appcore.dll
0x00007ffb252d0000 - 0x00007ffb252da000 	C:\Program Files\Java\jdk-17\bin\jimage.dll
0x00007ffb2aa60000 - 0x00007ffb2ac93000 	C:\WINDOWS\SYSTEM32\DBGHELP.DLL
0x00007ffb38cc0000 - 0x00007ffb39048000 	C:\WINDOWS\System32\combase.dll
0x00007ffb38690000 - 0x00007ffb38767000 	C:\WINDOWS\System32\OLEAUT32.dll
0x00007ffb29f70000 - 0x00007ffb29fa2000 	C:\WINDOWS\SYSTEM32\dbgcore.DLL
0x00007ffb368f0000 - 0x00007ffb36969000 	C:\WINDOWS\System32\bcryptPrimitives.dll
0x00007ffb186a0000 - 0x00007ffb186c5000 	C:\Program Files\Java\jdk-17\bin\java.dll
0x00007ffb02ca0000 - 0x00007ffb02d77000 	C:\Program Files\Java\jdk-17\bin\jsvml.dll
0x00007ffb379e0000 - 0x00007ffb3823c000 	C:\WINDOWS\System32\SHELL32.dll
0x00007ffb347b0000 - 0x00007ffb350a9000 	C:\WINDOWS\SYSTEM32\windows.storage.dll
0x00007ffb34670000 - 0x00007ffb347ae000 	C:\WINDOWS\SYSTEM32\wintypes.dll
0x00007ffb38920000 - 0x00007ffb38a13000 	C:\WINDOWS\System32\SHCORE.dll
0x00007ffb38470000 - 0x00007ffb384ce000 	C:\WINDOWS\System32\shlwapi.dll
0x00007ffb36780000 - 0x00007ffb367a1000 	C:\WINDOWS\SYSTEM32\profapi.dll

dbghelp: loaded successfully - version: 4.0.5 - missing functions: none
symbol engine: initialized successfully - sym options: 0x614 - pdb path: .;C:\Program Files\Java\jdk-17\bin;C:\WINDOWS\SYSTEM32;C:\Program Files\AVG\Antivirus;C:\WINDOWS\WinSxS\amd64_microsoft.windows.common-controls_6595b64144ccf1df_6.0.22621.3235_none_270f74e173860f98;C:\Program Files\Java\jdk-17\bin\server

VM Arguments:
jvm_args: -Dapplication.home=C:\Program Files\Java\jdk-17 --add-modules=ALL-DEFAULT -Xms8m -Djdk.module.main=jdk.compiler 
java_command: jdk.compiler/com.sun.tools.javac.Main -d D:\NAGITA BRENDA SILVIA\SEMESTER 2\PEMOGRAMAN BERBASIS OBJEK\pemrograman-berbasis-objek-2B-2024\modul-5\BangunDatar\build\classes -classpath D:\NAGITA BRENDA SILVIA\SEMESTER 2\PEMOGRAMAN BERBASIS OBJEK\pemrograman-berbasis-objek-2B-2024\modul-5\BangunDatar\build\classes -sourcepath D:\NAGITA BRENDA SILVIA\SEMESTER 2\PEMOGRAMAN BERBASIS OBJEK\pemrograman-berbasis-objek-2B-2024\modul-5\BangunDatar\build\empty -target 17 -encoding UTF-8 -g -processorpath D:\NAGITA BRENDA SILVIA\SEMESTER 2\PEMOGRAMAN BERBASIS OBJEK\pemrograman-berbasis-objek-2B-2024\modul-5\BangunDatar\build\empty -s D:\NAGITA BRENDA SILVIA\SEMESTER 2\PEMOGRAMAN BERBASIS OBJEK\pemrograman-berbasis-objek-2B-2024\modul-5\BangunDatar\build\generated-sources\ap-source-output -source 17 D:\NAGITA BRENDA SILVIA\SEMESTER 2\PEMOGRAMAN BERBASIS OBJEK\pemrograman-berbasis-objek-2B-2024\modul-5\BangunDatar\src\BangunDatar.java D:\NAGITA BRENDA SILVIA\SEMESTER 2\PEMOGRAMAN BERBASIS OBJEK\pemrograman-berbasis-objek-2B-2024\modul-5\BangunDatar\src\Lingkaran.java D:\NAGITA BRENDA SILVIA\SEMESTER 2\PEMOGRAMAN BERBASIS OBJEK\pemrograman-berbasis-objek-2B-2024\modul-5\BangunDatar\src\Main.java D:\NAGITA BRENDA SILVIA\SEMESTER 2\PEMOGRAMAN BERBASIS OBJEK\pemrograman-berbasis-objek-2B-2024\modul-5\BangunDatar\src\Persegi.java D:\NAGITA BRENDA SILVIA\SEMESTER 2\PEMOGRAMAN BERBASIS OBJEK\pemrograman-berbasis-objek-2B-2024\modul-5\BangunDatar\src\PersegiPanjang.java D:\NAGITA BRENDA SILVIA\SEMESTER 2\PEMOGRAMAN BERBASIS OBJEK\pemrograman-berbasis-objek-2B-2024\modul-5\BangunDatar\src\Segitiga.java
java_class_path (initial): <not set>
Launcher Type: SUN_STANDARD

[Global flags]
     intx CICompilerCount                          = 2                                         {product} {ergonomic}
     uint ConcGCThreads                            = 1                                         {product} {ergonomic}
     uint G1ConcRefinementThreads                  = 2                                         {product} {ergonomic}
   size_t G1HeapRegionSize                         = 1048576                                   {product} {ergonomic}
    uintx GCDrainStackTargetSize                   = 64                                        {product} {ergonomic}
   size_t InitialHeapSize                          = 8388608                                   {product} {command line}
   size_t MarkStackSize                            = 4194304                                   {product} {ergonomic}
   size_t MaxHeapSize                              = 918552576                                 {product} {ergonomic}
   size_t MaxNewSize                               = 550502400                                 {product} {ergonomic}
   size_t MinHeapDeltaBytes                        = 1048576                                   {product} {ergonomic}
   size_t MinHeapSize                              = 8388608                                   {product} {command line}
    uintx NonNMethodCodeHeapSize                   = 5826188                                {pd product} {ergonomic}
    uintx NonProfiledCodeHeapSize                  = 122916026                              {pd product} {ergonomic}
    uintx ProfiledCodeHeapSize                     = 122916026                              {pd product} {ergonomic}
    uintx ReservedCodeCacheSize                    = 251658240                              {pd product} {ergonomic}
     bool SegmentedCodeCache                       = true                                      {product} {ergonomic}
   size_t SoftMaxHeapSize                          = 918552576                              {manageable} {ergonomic}
     bool UseCompressedClassPointers               = true                           {product lp64_product} {ergonomic}
     bool UseCompressedOops                        = true                           {product lp64_product} {ergonomic}
     bool UseG1GC                                  = true                                      {product} {ergonomic}
     bool UseLargePagesIndividualAllocation        = false                                  {pd product} {ergonomic}

Logging:
Log output configuration:
 #0: stdout all=warning uptime,level,tags
 #1: stderr all=off uptime,level,tags

Environment Variables:
PATH=C:\Program Files\Common Files\Oracle\Java\javapath;C:\WINDOWS\system32;C:\WINDOWS;C:\WINDOWS\System32\Wbem;C:\WINDOWS\System32\WindowsPowerShell\v1.0\;C:\WINDOWS\System32\OpenSSH\;C:\Program Files\Git\cmd;C:\Users\HP\AppData\Local\Microsoft\WindowsApps;;C:\Users\HP\AppData\Local\Programs\Microsoft VS Code\bin
USERNAME=HP
OS=Windows_NT
PROCESSOR_IDENTIFIER=AMD64 Family 23 Model 24 Stepping 1, AuthenticAMD



---------------  S Y S T E M  ---------------

OS:
 Windows 11 , 64 bit Build 22621 (10.0.22621.3374)
OS uptime: 14 days 2:01 hours

CPU: total 2 (initial active 2) (2 cores per cpu, 1 threads per core) family 23 model 24 stepping 1 microcode 0x0, cx8, cmov, fxsr, mmx, 3dnowpref, sse, sse2, sse3, ssse3, sse4a, sse4.1, sse4.2, popcnt, lzcnt, tsc, tscinvbit, avx, avx2, aes, clmul, bmi1, bmi2, adx, sha, fma, vzeroupper, clflush, clflushopt

Memory: 4k page, system-wide physical 3499M (213M free)
TotalPageFile size 14251M (AvailPageFile size 0M)
current process WorkingSet (physical memory assigned to process): 32M, peak: 32M
current process commit charge ("private bytes"): 69M, peak: 69M

vm_info: Java HotSpot(TM) 64-Bit Server VM (17.0.10+11-LTS-240) for windows-amd64 JRE (17.0.10+11-LTS-240), built on Dec 19 2023 21:47:25 by "mach5one" with MS VC++ 17.1 (VS2022)

END.
